<?xml version="1.0" encoding="UTF-8"?>
<!-- Generated by org.testng.reporters.JUnitXMLReporter -->
<testsuite ignored="0" hostname="Harsha-Punisher" failures="0" tests="4" name="FacebookHomePage" time="32.548" errors="0" timestamp="2024-07-29T13:54:55 IST">
  <testcase classname="com.hyd.tests.HomePageTests" name="verifyHomePageTitle" time="5.146"/>
  <testcase classname="com.hyd.tests.HomePageTests" name="verifyNavigationToFriends" time="6.32"/>
  <testcase classname="com.hyd.tests.HomePageTests" name="verifyNavigationToMemories" time="5.803"/>
  <testcase classname="com.hyd.tests.HomePageTests" name="verifyNavigationToSaved" time="5.724"/>
</testsuite> <!-- FacebookHomePage -->
