<?xml version="1.0" encoding="UTF-8"?>
<!-- Generated by org.testng.reporters.JUnitXMLReporter -->
<testsuite ignored="0" hostname="Harsha-Punisher" failures="0" tests="4" name="FacebookHomePage" time="31.042" errors="0" timestamp="2024-07-27T22:51:24 IST">
  <testcase classname="com.hyd.tests.HomePageTests" name="verifyHomePageTitle" time="4.875"/>
  <testcase classname="com.hyd.tests.HomePageTests" name="verifyNavigationToFriends" time="5.941"/>
  <testcase classname="com.hyd.tests.HomePageTests" name="verifyNavigationToMemories" time="5.907"/>
  <testcase classname="com.hyd.tests.HomePageTests" name="verifyNavigationToSaved" time="6.516"/>
</testsuite> <!-- FacebookHomePage -->
